BEGIN CAPTAINS LOG

=========================================
=========================================
Log #0
0:0:0:0
lost 200 Gold
lost 90 Food
=========================================
Log #0
0:1:0:0
lost 225 Gold
lost 90 Food
=========================================
Log #0
0:2:0:0
lost 225 Gold
lost 90 Food
=========================================
Log #0
0:3:0:0
lost 77 Gold
lost 120 Food
=========================================
Log #0
0:4:0:0
lost 240 Gold
lost 90 Food
=========================================
Log #0
0:5:0:0
lost 210 Gold
gathered 12210.000000000002 Food
=========================================
Log #0
0:6:0:0
lost 200 Gold
gathered 1810.0000000000002 Food
=========================================
Log #0
0:7:0:0
See you space cowboy...
lost 213 Gold
lost 39.99999999999995 Food
